<?xml version="1.0" encoding="UTF-8"?>
<testng-results ignored="0" total="1" passed="1" failed="0" skipped="0">
  <reporter-output>
  </reporter-output>
  <suite started-at="2022-06-02T10:20:17 IST" name="Suite" finished-at="2022-06-02T10:20:46 IST" duration-ms="29589">
    <groups>
    </groups>
    <test started-at="2022-06-02T10:20:17 IST" name="Test" finished-at="2022-06-02T10:20:46 IST" duration-ms="29589">
      <class name="org.DemoAutomationTesting.OrderTest.OrderABookTest">
        <test-method is-config="true" signature="beforeSuite()[pri:0, instance:org.DemoAutomationTesting.OrderTest.OrderABookTest@e344ad3]" started-at="2022-06-02T10:20:14 IST" name="beforeSuite" finished-at="2022-06-02T10:20:17 IST" duration-ms="2373" status="PASS">
          <reporter-output>
          </reporter-output>
        </test-method> <!-- beforeSuite -->
        <test-method is-config="true" signature="beforeClass(java.lang.String)[pri:0, instance:org.DemoAutomationTesting.OrderTest.OrderABookTest@e344ad3]" started-at="2022-06-02T10:20:18 IST" name="beforeClass" finished-at="2022-06-02T10:20:32 IST" duration-ms="14109" status="PASS">
          <params>
            <param index="0">
              <value>
                <![CDATA[chrome]]>
              </value>
            </param>
          </params>
          <reporter-output>
          </reporter-output>
        </test-method> <!-- beforeClass -->
        <test-method signature="orderABookTest()[pri:0, instance:org.DemoAutomationTesting.OrderTest.OrderABookTest@e344ad3]" started-at="2022-06-02T10:20:32 IST" name="orderABookTest" finished-at="2022-06-02T10:20:45 IST" duration-ms="12813" status="PASS">
          <reporter-output>
          </reporter-output>
        </test-method> <!-- orderABookTest -->
        <test-method is-config="true" signature="afterClass()[pri:0, instance:org.DemoAutomationTesting.OrderTest.OrderABookTest@e344ad3]" started-at="2022-06-02T10:20:45 IST" name="afterClass" finished-at="2022-06-02T10:20:46 IST" duration-ms="1082" status="PASS">
          <reporter-output>
          </reporter-output>
        </test-method> <!-- afterClass -->
        <test-method is-config="true" signature="afterSuite()[pri:0, instance:org.DemoAutomationTesting.OrderTest.OrderABookTest@e344ad3]" started-at="2022-06-02T10:20:47 IST" name="afterSuite" finished-at="2022-06-02T10:20:48 IST" duration-ms="324" status="PASS">
          <reporter-output>
          </reporter-output>
        </test-method> <!-- afterSuite -->
      </class> <!-- org.DemoAutomationTesting.OrderTest.OrderABookTest -->
    </test> <!-- Test -->
  </suite> <!-- Suite -->
</testng-results>
