<?xml version="1.0" encoding="UTF-8"?>
<testng-results ignored="0" total="1" passed="1" failed="0" skipped="0">
  <reporter-output>
  </reporter-output>
  <suite started-at="2022-06-01T17:59:07 IST" name="Suite" finished-at="2022-06-01T17:59:51 IST" duration-ms="43610">
    <groups>
    </groups>
    <test started-at="2022-06-01T17:59:07 IST" name="Test" finished-at="2022-06-01T17:59:51 IST" duration-ms="43610">
      <class name="org.DemoAutomationTesting.OrderTest.OrderABookTest">
        <test-method is-config="true" signature="beforeSuite()[pri:0, instance:org.DemoAutomationTesting.OrderTest.OrderABookTest@108bdbd8]" started-at="2022-06-01T17:59:05 IST" name="beforeSuite" finished-at="2022-06-01T17:59:07 IST" duration-ms="2448" status="PASS">
          <reporter-output>
          </reporter-output>
        </test-method> <!-- beforeSuite -->
        <test-method is-config="true" signature="beforeClass(java.lang.String)[pri:0, instance:org.DemoAutomationTesting.OrderTest.OrderABookTest@108bdbd8]" started-at="2022-06-01T17:59:08 IST" name="beforeClass" finished-at="2022-06-01T17:59:30 IST" duration-ms="22350" status="PASS">
          <params>
            <param index="0">
              <value>
                <![CDATA[chrome]]>
              </value>
            </param>
          </params>
          <reporter-output>
          </reporter-output>
        </test-method> <!-- beforeClass -->
        <test-method signature="orderABookTest()[pri:0, instance:org.DemoAutomationTesting.OrderTest.OrderABookTest@108bdbd8]" started-at="2022-06-01T17:59:31 IST" name="orderABookTest" finished-at="2022-06-01T17:59:31 IST" duration-ms="294" status="PASS">
          <reporter-output>
          </reporter-output>
        </test-method> <!-- orderABookTest -->
        <test-method is-config="true" signature="afterClass()[pri:0, instance:org.DemoAutomationTesting.OrderTest.OrderABookTest@108bdbd8]" started-at="2022-06-01T17:59:32 IST" name="afterClass" finished-at="2022-06-01T17:59:51 IST" duration-ms="18970" status="PASS">
          <reporter-output>
          </reporter-output>
        </test-method> <!-- afterClass -->
        <test-method is-config="true" signature="afterSuite()[pri:0, instance:org.DemoAutomationTesting.OrderTest.OrderABookTest@108bdbd8]" started-at="2022-06-01T17:59:52 IST" name="afterSuite" finished-at="2022-06-01T17:59:53 IST" duration-ms="645" status="PASS">
          <reporter-output>
          </reporter-output>
        </test-method> <!-- afterSuite -->
      </class> <!-- org.DemoAutomationTesting.OrderTest.OrderABookTest -->
    </test> <!-- Test -->
  </suite> <!-- Suite -->
</testng-results>
